/*C3*/SET SCHEMA PUBLIC
DISCONNECT
/*C4*/SET SCHEMA PUBLIC
INSERT INTO PREGUNTA VALUES('4028e40e9ece7b01019ece85bcc80000','5 - 6 - 8 - 11 __ - 20 - 26 ',3,3,'SERIE','4028808b9e8ae987019e8aecf0540001')
COMMIT
INSERT INTO OPCIONRESPUESTA VALUES('4028e40e9ece7b01019ece86ee5f0001',FALSE,'A','13','4028e40e9ece7b01019ece85bcc80000')
COMMIT
INSERT INTO OPCIONRESPUESTA VALUES('4028e40e9ece7b01019ece8751940002',TRUE,'B','15','4028e40e9ece7b01019ece85bcc80000')
COMMIT
INSERT INTO OPCIONRESPUESTA VALUES('4028e40e9ece7b01019ece877b380003',FALSE,'C','17','4028e40e9ece7b01019ece85bcc80000')
COMMIT
INSERT INTO OPCIONRESPUESTA VALUES('4028e40e9ece7b01019ece87a4d50004',FALSE,'D','19','4028e40e9ece7b01019ece85bcc80000')
COMMIT
INSERT INTO PREGUNTA VALUES('4028e40e9ece7b01019ece8b22fc0005','25 - 23 - 21 - 20 -25 - __ - 21',4,4,'SERIE','4028808b9e8ae987019e8aecf0540001')
COMMIT
INSERT INTO OPCIONRESPUESTA VALUES('4028e40e9ece7b01019ece8b84fe0006',FALSE,'A','20','4028e40e9ece7b01019ece8b22fc0005')
COMMIT
INSERT INTO OPCIONRESPUESTA VALUES('4028e40e9ece7b01019ece8ba3880007',FALSE,'B','25','4028e40e9ece7b01019ece8b22fc0005')
COMMIT
INSERT INTO OPCIONRESPUESTA VALUES('4028e40e9ece7b01019ece8bc49e0008',FALSE,'C','21','4028e40e9ece7b01019ece8b22fc0005')
COMMIT
INSERT INTO OPCIONRESPUESTA VALUES('4028e40e9ece7b01019ece8bfaac0009',TRUE,'D','23','4028e40e9ece7b01019ece8b22fc0005')
COMMIT
INSERT INTO PREGUNTA VALUES('4028e40e9ece7b01019ece8f4544000a','1 - 6 - 2 - 7 - 4 - 9 - 7 - __ - 11',5,5,'SERIE','4028808b9e8ae987019e8aecf0540001')
COMMIT
INSERT INTO OPCIONRESPUESTA VALUES('4028e40e9ece7b01019ece9007dc000b',FALSE,'A','10','4028e40e9ece7b01019ece8f4544000a')
COMMIT
INSERT INTO OPCIONRESPUESTA VALUES('4028e40e9ece7b01019ece90363f000c',FALSE,'B','11','4028e40e9ece7b01019ece8f4544000a')
COMMIT
INSERT INTO OPCIONRESPUESTA VALUES('4028e40e9ece7b01019ece908bbe000d',TRUE,'C','13','4028e40e9ece7b01019ece8f4544000a')
COMMIT
INSERT INTO OPCIONRESPUESTA VALUES('4028e40e9ece7b01019ece911ad4000e',FALSE,'D','13','4028e40e9ece7b01019ece8f4544000a')
COMMIT
INSERT INTO PREGUNTA VALUES('4028e40e9ece7b01019ece928e1f000f','21 - __ - 15 - 12 - 9 - 8',6,6,'NUMERICA','4028808b9e8ae987019e8aecf0540001')
COMMIT
INSERT INTO OPCIONRESPUESTA VALUES('4028e40e9ece7b01019ece92cbca0010',FALSE,'A','20','4028e40e9ece7b01019ece928e1f000f')
COMMIT
INSERT INTO OPCIONRESPUESTA VALUES('4028e40e9ece7b01019ece92ec330011',FALSE,'B','19','4028e40e9ece7b01019ece928e1f000f')
COMMIT
INSERT INTO OPCIONRESPUESTA VALUES('4028e40e9ece7b01019ece9313830012',TRUE,'C','18','4028e40e9ece7b01019ece928e1f000f')
COMMIT
INSERT INTO OPCIONRESPUESTA VALUES('4028e40e9ece7b01019ece9333290013',FALSE,'D','17','4028e40e9ece7b01019ece928e1f000f')
COMMIT
INSERT INTO PREGUNTA VALUES('4028e40e9ece7b01019ece9418c70014','18 - 16 - __ - 17 - 15 - 15 - 16 - 14',7,7,'SERIE','4028808b9e8ae987019e8aecf0540001')
COMMIT
INSERT INTO OPCIONRESPUESTA VALUES('4028e40e9ece7b01019ece952de50015',TRUE,'A','13','4028e40e9ece7b01019ece9418c70014')
COMMIT
INSERT INTO OPCIONRESPUESTA VALUES('4028e40e9ece7b01019ece9681350016',FALSE,'B','14','4028e40e9ece7b01019ece9418c70014')
COMMIT
INSERT INTO OPCIONRESPUESTA VALUES('4028e40e9ece7b01019ece96cf2a0017',FALSE,'C','15','4028e40e9ece7b01019ece9418c70014')
COMMIT
INSERT INTO OPCIONRESPUESTA VALUES('4028e40e9ece7b01019ece96ee6e0018',FALSE,'D','16','4028e40e9ece7b01019ece9418c70014')
COMMIT
INSERT INTO PREGUNTA VALUES('4028e40e9ece7b01019ece983e220019','6 - 3 - 5 - 7 - 4 - __ - 8 - 5 - 7 - 9',8,8,'SERIE','4028808b9e8ae987019e8aecf0540001')
COMMIT
INSERT INTO OPCIONRESPUESTA VALUES('4028e40e9ece7b01019ece9878b0001a',TRUE,'A','6','4028e40e9ece7b01019ece983e220019')
COMMIT
INSERT INTO OPCIONRESPUESTA VALUES('4028e40e9ece7b01019ece989bef001b',FALSE,'B','5','4028e40e9ece7b01019ece983e220019')
COMMIT
INSERT INTO OPCIONRESPUESTA VALUES('4028e40e9ece7b01019ece98bd2c001c',FALSE,'C','7','4028e40e9ece7b01019ece983e220019')
COMMIT
INSERT INTO OPCIONRESPUESTA VALUES('4028e40e9ece7b01019ece98e0b1001d',FALSE,'D','11','4028e40e9ece7b01019ece983e220019')
COMMIT
INSERT INTO PREGUNTA VALUES('4028e40e9ece7b01019ece9a2eee001e','1 \u2013 9 \u2013 25 \u2013 __ \u2013 81 \u2013 121',9,9,'SERIE','4028808b9e8ae987019e8aecf0540001')
COMMIT
INSERT INTO PREGUNTA VALUES('4028e40e9ece7b01019ece9a96e4001f','1 \u2013 3 \u2013 3 \u2013 2 \u2013 __ \u2013 8 \u2013 3 \u2013 5 \u2013 15',10,10,'SERIE','4028808b9e8ae987019e8aecf0540001')
COMMIT
INSERT INTO PREGUNTA VALUES('4028e40e9ece7b01019ece9afb490020','22 \u2013 17 \u2013 12 \u2013 27 \u2013 23 \u2013 __ \u2013 32 \u2013 29',11,11,'SERIE','4028808b9e8ae987019e8aecf0540001')
COMMIT
INSERT INTO PREGUNTA VALUES('4028e40e9ece7b01019ece9b64de0021','3 \u2013 4 \u2013 7 \u2013 14 \u2013 7 \u2013 8 \u2013 __ \u2013 30 \u2013 11',12,12,'SERIE','4028808b9e8ae987019e8aecf0540001')
COMMIT
INSERT INTO PREGUNTA VALUES('4028e40e9ece7b01019ece9bb8040022','45 \u2013 34 \u2013 25 \u2013 __ \u2013 13 \u2013 10 \u2013 9',13,13,'SERIE','4028808b9e8ae987019e8aecf0540001')
COMMIT
INSERT INTO PREGUNTA VALUES('4028e40e9ece7b01019ece9bfddc0023','5 \u2013 3 \u2013 15 \u2013 16 \u2013 7 \u2013 5 \u2013 35 \u2013 36 \u2013 __',14,14,'SERIE','4028808b9e8ae987019e8aecf0540001')
COMMIT
INSERT INTO PREGUNTA VALUES('4028e40e9ece7b01019ece9c46610024','__ \u2013 21 \u2013 28 \u2013 74 \u2013 81 \u2013 243',15,15,'SERIE','4028808b9e8ae987019e8aecf0540001')
COMMIT
INSERT INTO PREGUNTA VALUES('4028e40e9ece7b01019ece9cc6280025','__ \u2013 18 \u2013 9 \u2013 54 \u2013 45 \u2013 270 \u2013 261',16,16,'SERIE',NULL)
COMMIT
DELETE FROM PREGUNTA WHERE ID='4028e40e9ece7b01019ece9cc6280025'
INSERT INTO PREGUNTA VALUES('4028e40e9ece7b01019ece9cc6280025','__ \u2013 18 \u2013 9 \u2013 54 \u2013 45 \u2013 270 \u2013 261',16,16,'SERIE','4028808b9e8ae987019e8aecf0540001')
COMMIT
INSERT INTO PREGUNTA VALUES('4028e40e9ece7b01019ece9d5db50026','13 \u2013 12 \u2013 60 \u2013 __ \u2013 62 \u2013 310 \u2013 313',17,17,'SERIE','4028808b9e8ae987019e8aecf0540001')
COMMIT
INSERT INTO PREGUNTA VALUES('4028e40e9ece7b01019ece9dab060027','27 \u2013 9 \u2013 54 \u2013 63 \u2013 __ \u2013 126 \u2013 135 \u2013 45',18,18,'SERIE','4028808b9e8ae987019e8aecf0540001')
COMMIT
INSERT INTO PREGUNTA VALUES('4028e40e9ece7b01019ece9e27f20028','7 \u2013 16 \u2013 5 \u2013 35 \u2013 __ \u2013 33 \u2013 231 \u2013 240',19,19,'SERIE','4028808b9e8ae987019e8aecf0540001')
COMMIT
INSERT INTO PREGUNTA VALUES('4028e40e9ece7b01019ece9e73860029','__ \u2013 11 \u2013 8 \u2013 72 \u2013 65 \u2013 62 \u2013 558 \u2013 551',20,20,'SERIE','4028808b9e8ae987019e8aecf0540001')
COMMIT
INSERT INTO OPCIONRESPUESTA VALUES('4028e40e9ece7b01019ecea1d34f002a',FALSE,'A','36','4028e40e9ece7b01019ece9a2eee001e')
COMMIT
INSERT INTO OPCIONRESPUESTA VALUES('4028e40e9ece7b01019ecea2019c002b',TRUE,'B','49','4028e40e9ece7b01019ece9a2eee001e')
COMMIT
INSERT INTO OPCIONRESPUESTA VALUES('4028e40e9ece7b01019ecea24615002c',FALSE,'C','64','4028e40e9ece7b01019ece9a2eee001e')
COMMIT
INSERT INTO OPCIONRESPUESTA VALUES('4028e40e9ece7b01019ecea27829002d',FALSE,'D','15','4028e40e9ece7b01019ece9a2eee001e')
COMMIT
INSERT INTO OPCIONRESPUESTA VALUES('4028e40e9ece7b01019ecea2cdbe002e',FALSE,'A','3','4028e40e9ece7b01019ece9a96e4001f')
COMMIT
INSERT INTO OPCIONRESPUESTA VALUES('4028e40e9ece7b01019ecea33aad002f',TRUE,'B','4','4028e40e9ece7b01019ece9a96e4001f')
COMMIT
INSERT INTO OPCIONRESPUESTA VALUES('4028e40e9ece7b01019ecea377df0030',FALSE,'C','5','4028e40e9ece7b01019ece9a96e4001f')
COMMIT
INSERT INTO OPCIONRESPUESTA VALUES('4028e40e9ece7b01019ecea3972f0031',FALSE,'D','6','4028e40e9ece7b01019ece9a96e4001f')
COMMIT
INSERT INTO OPCIONRESPUESTA VALUES('4028e40e9ece7b01019ecea3e1ee0032',FALSE,'A','7','4028e40e9ece7b01019ece9afb490020')
COMMIT
INSERT INTO OPCIONRESPUESTA VALUES('4028e40e9ece7b01019ecea400da0033',FALSE,'B','22','4028e40e9ece7b01019ece9afb490020')
COMMIT
INSERT INTO OPCIONRESPUESTA VALUES('4028e40e9ece7b01019ecea423df0034',TRUE,'C','19','4028e40e9ece7b01019ece9afb490020')
COMMIT
INSERT INTO OPCIONRESPUESTA VALUES('4028e40e9ece7b01019ecea4527d0035',FALSE,'D','18','4028e40e9ece7b01019ece9afb490020')
COMMIT
INSERT INTO OPCIONRESPUESTA VALUES('4028e40e9ece7b01019ecea498ce0036',FALSE,'A','13','4028e40e9ece7b01019ece9b64de0021')
COMMIT
INSERT INTO OPCIONRESPUESTA VALUES('4028e40e9ece7b01019ecea4c4be0037',FALSE,'B','14','4028e40e9ece7b01019ece9b64de0021')
COMMIT
INSERT INTO OPCIONRESPUESTA VALUES('4028e40e9ece7b01019ecea4f3300038',TRUE,'C','15','4028e40e9ece7b01019ece9b64de0021')
COMMIT
INSERT INTO OPCIONRESPUESTA VALUES('4028e40e9ece7b01019ecea520250039',FALSE,'D','16','4028e40e9ece7b01019ece9b64de0021')
COMMIT
INSERT INTO OPCIONRESPUESTA VALUES('4028e40e9ece7b01019ecea55c1b003a',FALSE,'A','20','4028e40e9ece7b01019ece9bb8040022')
COMMIT
INSERT INTO OPCIONRESPUESTA VALUES('4028e40e9ece7b01019ecea5b026003b',FALSE,'B','19','4028e40e9ece7b01019ece9bb8040022')
COMMIT
INSERT INTO OPCIONRESPUESTA VALUES('4028e40e9ece7b01019ecea5f53c003c',FALSE,'C','17','4028e40e9ece7b01019ece9bb8040022')
COMMIT
INSERT INTO OPCIONRESPUESTA VALUES('4028e40e9ece7b01019ecea6246d003d',TRUE,'D','18','4028e40e9ece7b01019ece9bb8040022')
COMMIT
INSERT INTO OPCIONRESPUESTA VALUES('4028e40e9ece7b01019ecea69ad8003e',FALSE,'A','6','4028e40e9ece7b01019ece9bfddc0023')
COMMIT
INSERT INTO OPCIONRESPUESTA VALUES('4028e40e9ece7b01019ecea6bb58003f',TRUE,'B','9','4028e40e9ece7b01019ece9bfddc0023')
COMMIT
INSERT INTO OPCIONRESPUESTA VALUES('4028e40e9ece7b01019ecea6f0810040',FALSE,'C','8','4028e40e9ece7b01019ece9bfddc0023')
COMMIT
INSERT INTO OPCIONRESPUESTA VALUES('4028e40e9ece7b01019ecea73d6d0041',FALSE,'D','34','4028e40e9ece7b01019ece9bfddc0023')
COMMIT
INSERT INTO OPCIONRESPUESTA VALUES('4028e40e9ece7b01019ecea7c9830042',FALSE,'A','3','4028e40e9ece7b01019ece9c46610024')
COMMIT
INSERT INTO OPCIONRESPUESTA VALUES('4028e40e9ece7b01019ecea81e130043',FALSE,'B','9','4028e40e9ece7b01019ece9c46610024')
COMMIT
INSERT INTO OPCIONRESPUESTA VALUES('4028e40e9ece7b01019ecea83d940044',FALSE,'C','6||||||||||||||||||||||||','4028e40e9ece7b01019ece9c46610024')
COMMIT
DELETE FROM OPCIONRESPUESTA WHERE ID='4028e40e9ece7b01019ecea83d940044'
INSERT INTO OPCIONRESPUESTA VALUES('4028e40e9ece7b01019ecea83d940044',FALSE,'C','6','4028e40e9ece7b01019ece9c46610024')
COMMIT
INSERT INTO OPCIONRESPUESTA VALUES('4028e40e9ece7b01019ecea8d6390045',TRUE,'D','7','4028e40e9ece7b01019ece9c46610024')
COMMIT
INSERT INTO OPCIONRESPUESTA VALUES('4028e40e9ece7b01019ecea91a390046',FALSE,'A','9','4028e40e9ece7b01019ece9cc6280025')
COMMIT
INSERT INTO OPCIONRESPUESTA VALUES('4028e40e9ece7b01019ecea953e50047',FALSE,'B','18','4028e40e9ece7b01019ece9cc6280025')
COMMIT
INSERT INTO OPCIONRESPUESTA VALUES('4028e40e9ece7b01019ecea991d10048',TRUE,'C','3','4028e40e9ece7b01019ece9cc6280025')
COMMIT
INSERT INTO OPCIONRESPUESTA VALUES('4028e40e9ece7b01019ecea9aed50049',FALSE,'D','6','4028e40e9ece7b01019ece9cc6280025')
COMMIT
INSERT INTO OPCIONRESPUESTA VALUES('4028e40e9ece7b01019ecea9f301004a',FALSE,'A','61','4028e40e9ece7b01019ece9d5db50026')
COMMIT
INSERT INTO OPCIONRESPUESTA VALUES('4028e40e9ece7b01019eceaa8c7e004b',TRUE,'B','63','4028e40e9ece7b01019ece9d5db50026')
COMMIT
INSERT INTO OPCIONRESPUESTA VALUES('4028e40e9ece7b01019eceaaa959004c',FALSE,'C','59','4028e40e9ece7b01019ece9d5db50026')
COMMIT
INSERT INTO OPCIONRESPUESTA VALUES('4028e40e9ece7b01019eceaacc98004d',FALSE,'D','300','4028e40e9ece7b01019ece9d5db50026')
COMMIT
INSERT INTO OPCIONRESPUESTA VALUES('4028e40e9ece7b01019eceab08cf004e',TRUE,'A','21','4028e40e9ece7b01019ece9dab060027')
COMMIT
INSERT INTO OPCIONRESPUESTA VALUES('4028e40e9ece7b01019eceab29e3004f',FALSE,'B','72','4028e40e9ece7b01019ece9dab060027')
COMMIT
INSERT INTO OPCIONRESPUESTA VALUES('4028e40e9ece7b01019eceab54df0050',FALSE,'C','378','4028e40e9ece7b01019ece9dab060027')
COMMIT
INSERT INTO OPCIONRESPUESTA VALUES('4028e40e9ece7b01019eceab7ef60051',FALSE,'D','19','4028e40e9ece7b01019ece9dab060027')
COMMIT
INSERT INTO OPCIONRESPUESTA VALUES('4028e40e9ece7b01019eceabb2670052',FALSE,'A','245','4028e40e9ece7b01019ece9e27f20028')
COMMIT
INSERT INTO OPCIONRESPUESTA VALUES('4028e40e9ece7b01019eceabe6df0053',TRUE,'B','49','4028e40e9ece7b01019ece9e27f20028')
COMMIT
INSERT INTO OPCIONRESPUESTA VALUES('4028e40e9ece7b01019eceac070c0054',FALSE,'C','64','4028e40e9ece7b01019ece9e27f20028')
COMMIT
INSERT INTO OPCIONRESPUESTA VALUES('4028e40e9ece7b01019eceac8e760055',FALSE,'D','22','4028e40e9ece7b01019ece9e27f20028')
COMMIT
INSERT INTO OPCIONRESPUESTA VALUES('4028e40e9ece7b01019eceaca91f0056',FALSE,'A','9','4028e40e9ece7b01019ece9e73860029')
COMMIT
INSERT INTO OPCIONRESPUESTA VALUES('4028e40e9ece7b01019ecead74f10057',TRUE,'B','14','4028e40e9ece7b01019ece9e73860029')
COMMIT
INSERT INTO OPCIONRESPUESTA VALUES('4028e40e9ece7b01019ecead98fb0058',FALSE,'C','15','4028e40e9ece7b01019ece9e73860029')
COMMIT
INSERT INTO OPCIONRESPUESTA VALUES('4028e40e9ece7b01019eceadb9560059',FALSE,'D','18','4028e40e9ece7b01019ece9e73860029')
COMMIT
